[2026-02-10 13:50:15,796] INFO django.utils.autoreload Watching for file changes with StatReloader
[2026-02-11 07:48:41,706] INFO django.utils.autoreload Watching for file changes with StatReloader
[2026-02-11 07:49:08,981] DEBUG celery.utils.functional 
def chunks(task, it, n):
    return 1

[2026-02-11 07:49:08,985] DEBUG celery.utils.functional 
def unlock_chord(self, group_id, callback, interval=0, max_retries=1, result=2, Result=3, GroupResult=4, result_from_tuple=5, **kwargs):
    return 1

[2026-02-11 07:49:08,985] DEBUG celery.utils.functional 
def send_password_reset_email_task(email, code):
    return 1

[2026-02-11 07:49:08,986] DEBUG celery.utils.functional 
def send_temporary_credentials_task(email, password):
    return 1

[2026-02-11 07:49:08,987] DEBUG celery.utils.functional 
def group(self, tasks, result, group_id, partial_args, add_to_parent=0):
    return 1

[2026-02-11 07:49:08,987] DEBUG celery.utils.functional 
def xmap(task, it):
    return 1

[2026-02-11 07:49:08,988] DEBUG celery.utils.functional 
def backend_cleanup():
    return 1

[2026-02-11 07:49:08,988] DEBUG celery.utils.functional 
def send_status_email_task(application_id):
    return 1

[2026-02-11 07:49:08,989] DEBUG celery.utils.functional 
def debug_task(self):
    return 1

[2026-02-11 07:49:08,989] DEBUG celery.utils.functional 
def chain(*args, **kwargs):
    return 1

[2026-02-11 07:49:08,990] DEBUG celery.utils.functional 
def xstarmap(task, it):
    return 1

[2026-02-11 07:49:08,990] DEBUG celery.utils.functional 
def accumulate(self, *args, **kwargs):
    return 1

[2026-02-11 07:49:08,991] DEBUG celery.utils.functional 
def chord(self, header, body, partial_args=0, interval=1, countdown=2, max_retries=3, eager=4, **kwargs):
    return 1

[2026-02-11 07:49:36,665] DEBUG celery.utils.functional 
def chunks(task, it, n):
    return 1

[2026-02-11 07:49:36,668] DEBUG celery.utils.functional 
def unlock_chord(self, group_id, callback, interval=0, max_retries=1, result=2, Result=3, GroupResult=4, result_from_tuple=5, **kwargs):
    return 1

[2026-02-11 07:49:36,669] DEBUG celery.utils.functional 
def send_password_reset_email_task(email, code):
    return 1

[2026-02-11 07:49:36,670] DEBUG celery.utils.functional 
def send_temporary_credentials_task(email, password):
    return 1

[2026-02-11 07:49:36,670] DEBUG celery.utils.functional 
def group(self, tasks, result, group_id, partial_args, add_to_parent=0):
    return 1

[2026-02-11 07:49:36,671] DEBUG celery.utils.functional 
def xmap(task, it):
    return 1

[2026-02-11 07:49:36,671] DEBUG celery.utils.functional 
def backend_cleanup():
    return 1

[2026-02-11 07:49:36,672] DEBUG celery.utils.functional 
def send_status_email_task(application_id):
    return 1

[2026-02-11 07:49:36,672] DEBUG celery.utils.functional 
def debug_task(self):
    return 1

[2026-02-11 07:49:36,673] DEBUG celery.utils.functional 
def chain(*args, **kwargs):
    return 1

[2026-02-11 07:49:36,673] DEBUG celery.utils.functional 
def xstarmap(task, it):
    return 1

[2026-02-11 07:49:36,674] DEBUG celery.utils.functional 
def accumulate(self, *args, **kwargs):
    return 1

[2026-02-11 07:49:36,674] DEBUG celery.utils.functional 
def chord(self, header, body, partial_args=0, interval=1, countdown=2, max_retries=3, eager=4, **kwargs):
    return 1

[2026-02-11 07:52:00,410] WARNING django.request Not Found: /favicon.ico
[2026-02-11 07:57:51,080] INFO django.utils.autoreload Watching for file changes with StatReloader
[2026-02-11 07:58:25,394] INFO django.utils.autoreload Watching for file changes with StatReloader
[2026-02-11 07:59:06,361] INFO django.utils.autoreload Watching for file changes with StatReloader
[2026-02-11 07:59:43,693] INFO django.utils.autoreload Watching for file changes with StatReloader
[2026-02-11 08:00:07,048] WARNING django.request Forbidden: /api/managers/login/
[2026-02-11 08:01:15,336] WARNING django.request Unauthorized: /api/managers/change-password/
